<?xml version="1.0" encoding="UTF-8"?>
<!-- Generated by org.testng.reporters.JUnitReportReporter -->
<testsuite hostname="DESKTOP-B7V6ES1" failures="0" tests="1" name="com.db.testRunner.RegressionRunner" time="21.089" errors="0" timestamp="2023-09-03T23:31:14 IST" skipped="0">
  <testcase classname="com.db.testRunner.RegressionRunner" name="runScenario" time="21.089"/>
  <system-out/>
</testsuite> <!-- com.db.testRunner.RegressionRunner -->
