<?xml version="1.0" encoding="UTF-8"?>
<!-- Generated by org.testng.reporters.JUnitReportReporter -->
<testsuite hostname="DESKTOP-B7V6ES1" failures="0" tests="2" name="com.db.testRunner.Runner2" time="42.123" errors="0" timestamp="2023-09-03T16:37:29 IST" skipped="0">
  <testcase classname="com.db.testRunner.Runner2" name="runScenario" time="22.691"/>
  <system-out/>
  <testcase classname="com.db.testRunner.Runner2" name="runScenario" time="19.432"/>
  <system-out/>
</testsuite> <!-- com.db.testRunner.Runner2 -->
